<?xml version="1.0" encoding="UTF-8"?>
<!-- Generated by org.testng.reporters.JUnitXMLReporter -->
<testsuite ignored="6" hostname="Bhavani" failures="0" tests="4" name="Test" time="127.544" errors="0" timestamp="2025-11-18T17:34:54 IST">
  <testcase classname="com.test.LoginTest" name="Login" time="0.355"/>
  <testcase classname="IndividualFlows.TCHBatchTest" name="Batchcreation" time="5.074"/>
  <testcase classname="IndividualFlows.Reports_AdministrationRequestTCH" name="AdministrationRequest_TCH" time="53.145"/>
  <testcase classname="IndividualFlows.TCH_ExecutionsSummary" name="TCHBatchExecutionSummaryResults" time="68.93"/>
  <testcase classname="base.BaseClass" name="@AfterSuite tearDown" time="0.0">
    <ignored/>
  </testcase> <!-- @AfterSuite tearDown -->
  <testcase classname="base.BaseClass" name="@AfterSuite tearDown" time="0.0">
    <ignored/>
  </testcase> <!-- @AfterSuite tearDown -->
  <testcase classname="base.BaseClass" name="@BeforeSuite setup" time="0.0">
    <ignored/>
  </testcase> <!-- @BeforeSuite setup -->
  <testcase classname="base.BaseClass" name="@AfterSuite tearDown" time="0.0">
    <ignored/>
  </testcase> <!-- @AfterSuite tearDown -->
  <testcase classname="base.BaseClass" name="@BeforeSuite setup" time="0.0">
    <ignored/>
  </testcase> <!-- @BeforeSuite setup -->
  <testcase classname="base.BaseClass" name="@BeforeSuite setup" time="0.0">
    <ignored/>
  </testcase> <!-- @BeforeSuite setup -->
</testsuite> <!-- Test -->
